#
# A fatal error has been detected by the Java Runtime Environment:
#
#  SIGSEGV (0xb) at pc=0x00007fff8c7c3097, pid=17432, tid=1287
#
# JRE version: 7.0_13-b20
# Java VM: Java HotSpot(TM) 64-Bit Server VM (23.7-b01 mixed mode bsd-amd64 compressed oops)
# Problematic frame:
# C  [libobjc.A.dylib+0x5097]  objc_msgSend+0x17
#
# Failed to write core dump. Core dumps have been disabled. To enable core dumping, try "ulimit -c unlimited" before starting Java again
#
# If you would like to submit a bug report, please visit:
#   http://bugreport.sun.com/bugreport/crash.jsp
# The crash happened outside the Java Virtual Machine in native code.
# See problematic frame for where to report the bug.
#

---------------  T H R E A D  ---------------

Current thread (0x00007fa2f9042800):  JavaThread "AppKit Thread" daemon [_thread_in_native, id=1287, stack(0x00007fff5a8f2000,0x00007fff5a972000)]

siginfo:si_signo=SIGSEGV: si_errno=0, si_code=0 (SEGV0), si_addr=0x0000000000000000

Registers:
RAX=0x00007fa2f8c8c3a0, RBX=0x00000000000f42eb, RCX=0x0000000000000000, RDX=0x00007fa2f8d58c70
RSP=0x00007fff5a96d4e8, RBP=0x00007fff5a96d4f0, RSI=0x00007fff8b1f0b9f, RDI=0x00007fa2f8c8c3a0
R8 =0x0000000000000040, R9 =0x00007fff5a96d400, R10=0x00007fff8b1f0b9f, R11=0x600007fa2f8c9651
R12=0x00000000000f42eb, R13=0x00007fff5a96d6b8, R14=0x00007fa2f8da2090, R15=0x00007fff5a96d618
RIP=0x00007fff8c7c3097, EFLAGS=0x0000000000010246, ERR=0x0000000000000000
  TRAPNO=0x000000000000000d

Top of Stack: (sp=0x00007fff5a96d4e8)
0x00007fff5a96d4e8:   00007fff8f9bbe0c 00007fff5a96d850
0x00007fff5a96d4f8:   00007fff8f8afa6d 0000000000000003
0x00007fff5a96d508:   00000001052a7a00 00007fff5a96d550
0x00007fff5a96d518:   00007fff915fb272 00000000000007c8
0x00007fff5a96d528:   00000000000f42ed 0000000000000002
0x00007fff5a96d538:   00007fa2f8f70020 00007fa2f8f6f990
0x00007fff5a96d548:   00007fa2f8e00d90 00007fa2f8d58c70
0x00007fff5a96d558:   00007fff5a96d610 0000000000000000
0x00007fff5a96d568:   00000000000f42eb 0000000000000053
0x00007fff5a96d578:   00007fff5a96d690 0000000000000000
0x00007fff5a96d588:   0000000000000001 00007fa2f8e00d80
0x00007fff5a96d598:   000000000000004f 000000000013df3e
0x00007fff5a96d5a8:   0000010000000000 00007fff784d4a60
0x00007fff5a96d5b8:   00002060001886ea 00007fff5a96d710
0x00007fff5a96d5c8:   0000000000000000 00007fff5a96d6a8
0x00007fff5a96d5d8:   00007fff5a96d688 00007fff784d4a48
0x00007fff5a96d5e8:   0000000000000000 000000000000000f
0x00007fff5a96d5f8:   00007fff951886ea 00007fff78baad38
0x00007fff5a96d608:   0000000000000000 00007fa2f8f700a0
0x00007fff5a96d618:   00007fa2f8da2090 00007fff8fa99b08
0x00007fff5a96d628:   0000000000000000 00007fff5a96d6f0
0x00007fff5a96d638:   00007fff8861edde 00007fff7957b0d0
0x00007fff5a96d648:   0000000042000000 00007fff886271d1
0x00007fff5a96d658:   00007fff784b0b40 00007fff5a96d758
0x00007fff5a96d668:   00007fff5a96d688 00007fff5a96d6a8
0x00007fff5a96d678:   0000000000000000 00000001052a4001
0x00007fff5a96d688:   0000000000000000 000000000000004d
0x00007fff5a96d698:   0000000000000000 00000000000f42df
0x00007fff5a96d6a8:   000000000000004f 0000000000000000
0x00007fff5a96d6b8:   00000000000f42eb 000000015a96d760
0x00007fff5a96d6c8:   00007fff95189261 00007fff78ef3748
0x00007fff5a96d6d8:   00007fff78ef374c 0000000078eef1b8 

Instructions: (pc=0x00007fff8c7c3097)
0x00007fff8c7c3077:   90 90 90 90 90 90 90 90 90 48 85 ff 2e 74 72 40
0x00007fff8c7c3087:   f6 c7 01 2e 0f 85 7e 00 00 00 4c 8b 1f 49 89 f2
0x00007fff8c7c3097:   45 23 53 18 49 c1 e2 04 4d 03 53 10 49 3b 32 75
0x00007fff8c7c30a7:   04 41 ff 62 08 49 83 3a 00 74 74 4d 3b 53 10 74 

Register to memory mapping:

RAX=0x00007fa2f8c8c3a0 is an unknown value
RBX=0x00000000000f42eb is an unknown value
RCX=0x0000000000000000 is an unknown value
RDX=0x00007fa2f8d58c70 is an unknown value
RSP=0x00007fff5a96d4e8 is pointing into the stack for thread: 0x00007fa2f9042800
RBP=0x00007fff5a96d4f0 is pointing into the stack for thread: 0x00007fa2f9042800
RSI=0x00007fff8b1f0b9f: NSAppKitVersionNumber+0x5358f in /System/Library/Frameworks/AppKit.framework/Versions/C/AppKit at 0x00007fff8a74d000
RDI=0x00007fa2f8c8c3a0 is an unknown value
R8 =0x0000000000000040 is an unknown value
R9 =0x00007fff5a96d400 is pointing into the stack for thread: 0x00007fa2f9042800
R10=0x00007fff8b1f0b9f: NSAppKitVersionNumber+0x5358f in /System/Library/Frameworks/AppKit.framework/Versions/C/AppKit at 0x00007fff8a74d000
R11=0x600007fa2f8c9651 is an unknown value
R12=0x00000000000f42eb is an unknown value
R13=0x00007fff5a96d6b8 is pointing into the stack for thread: 0x00007fa2f9042800
R14=0x00007fa2f8da2090 is an unknown value
R15=0x00007fff5a96d618 is pointing into the stack for thread: 0x00007fa2f9042800


Stack: [0x00007fff5a8f2000,0x00007fff5a972000],  sp=0x00007fff5a96d4e8,  free space=493k
Native frames: (J=compiled Java code, j=interpreted, Vv=VM code, C=native code)
C  [libobjc.A.dylib+0x5097]  objc_msgSend+0x17
C  [CoreFoundation+0x10a6d]  _CFXNotificationPost+0xb4d
C  [Foundation+0x27ba]  -[NSNotificationCenter postNotificationName:object:userInfo:]+0x44
C  [AppKit+0x10f719]  -[NSSurface _disposeSurface]+0x98
C  [AppKit+0x10f1b5]  -[NSSurface setWindow:]+0x46
C  [AppKit+0x3b0b7]  -[NSView _setWindow:]+0x8ea
C  [AppKit+0x3c10a]  -[NSView removeFromSuperview]+0x15e
C  [AppKit+0x98889]  -[NSView removeFromSuperviewWithoutNeedingDisplay]+0x26
C  [liblwjgl.jnilib+0x936e]  +[MacOSXKeyableWindow destroyWindow]+0xde
C  [Foundation+0x6313e]  __NSThreadPerformPerform+0xe5
C  [CoreFoundation+0x7f731]  __CFRUNLOOP_IS_CALLING_OUT_TO_A_SOURCE0_PERFORM_FUNCTION__+0x11
C  [CoreFoundation+0x70ea2]  __CFRunLoopDoSources0+0xf2
C  [CoreFoundation+0x7062f]  __CFRunLoopRun+0x33f
C  [CoreFoundation+0x700b5]  CFRunLoopRunSpecific+0x135
C  [HIToolbox+0x2ea0d]  RunCurrentEventLoopInMode+0xe2
C  [HIToolbox+0x2e7b7]  ReceiveNextEventCommon+0x1df
C  [HIToolbox+0x2e5bc]  _BlockUntilNextEventMatchingListInModeWithFilter+0x41
C  [AppKit+0x243de]  _DPSNextEvent+0x59a
C  [AppKit+0x23a2b]  -[NSApplication nextEventMatchingMask:untilDate:inMode:dequeue:]+0x7a
C  [libosxapp.dylib+0x1b56]  -[NSApplicationAWT nextEventMatchingMask:untilDate:inMode:dequeue:]+0x7c
C  [AppKit+0x17b2c]  -[NSApplication run]+0x229
C  [libosxapp.dylib+0x19b9]  +[NSApplicationAWT runAWTLoopWithApp:]+0x9c
C  [liblwawt.dylib+0xd81a]  -[AWTStarter starter:]+0x637
C  [Foundation+0x6313e]  __NSThreadPerformPerform+0xe5
C  [CoreFoundation+0x7f731]  __CFRUNLOOP_IS_CALLING_OUT_TO_A_SOURCE0_PERFORM_FUNCTION__+0x11
C  [CoreFoundation+0x70ea2]  __CFRunLoopDoSources0+0xf2
C  [CoreFoundation+0x7062f]  __CFRunLoopRun+0x33f
C  [CoreFoundation+0x700b5]  CFRunLoopRunSpecific+0x135
C  [java+0x742d]  CreateExecutionEnvironment+0x367
C  [java+0x1bdc]  JLI_Launch+0x7a0
C  [java+0x778a]  main+0x65
C  [java+0x1434]  start+0x34


---------------  P R O C E S S  ---------------

Java Threads: ( => current thread )
  0x00007fa2f9886000 JavaThread "AWT-Shutdown" [_thread_blocked, id=62727, stack(0x000000010b118000,0x000000010b218000)]
  0x00007fa2fa001000 JavaThread "DestroyJavaVM" [_thread_blocked, id=5891, stack(0x0000000106ea8000,0x0000000106fa8000)]
  0x00007fa2fa14d800 JavaThread "LWJGL Application" [_thread_in_native, id=58371, stack(0x000000010fc9f000,0x000000010fd9f000)]
=>0x00007fa2f9042800 JavaThread "AppKit Thread" daemon [_thread_in_native, id=1287, stack(0x00007fff5a8f2000,0x00007fff5a972000)]
  0x00007fa2fa054000 JavaThread "Service Thread" daemon [_thread_blocked, id=15363, stack(0x000000010ab5e000,0x000000010ac5e000)]
  0x00007fa2f9806800 JavaThread "C2 CompilerThread1" daemon [_thread_blocked, id=15107, stack(0x000000010aa5b000,0x000000010ab5b000)]
  0x00007fa2f9805800 JavaThread "C2 CompilerThread0" daemon [_thread_blocked, id=14851, stack(0x000000010a958000,0x000000010aa58000)]
  0x00007fa2f9026000 JavaThread "Signal Dispatcher" daemon [_thread_blocked, id=14595, stack(0x000000010a855000,0x000000010a955000)]
  0x00007fa2fa050000 JavaThread "Finalizer" daemon [_thread_blocked, id=9731, stack(0x000000010a613000,0x000000010a713000)]
  0x00007fa2fb002000 JavaThread "Reference Handler" daemon [_thread_blocked, id=9475, stack(0x000000010a510000,0x000000010a610000)]

Other Threads:
  0x00007fa2fa04f800 VMThread [stack: 0x000000010a40d000,0x000000010a50d000] [id=9219]
  0x00007fa2fb00d000 WatcherThread [stack: 0x000000010ac61000,0x000000010ad61000] [id=15619]

VM state:not at safepoint (normal execution)

VM Mutex/Monitor currently owned by a thread: None

Heap
 def new generation   total 4672K, used 2507K [0x00000007eba00000, 0x00000007ebf10000, 0x00000007f0b50000)
  eden space 4160K,  47% used [0x00000007eba00000, 0x00000007ebbf2c30, 0x00000007ebe10000)
  from space 512K, 100% used [0x00000007ebe10000, 0x00000007ebe90000, 0x00000007ebe90000)
  to   space 512K,   0% used [0x00000007ebe90000, 0x00000007ebe90000, 0x00000007ebf10000)
 tenured generation   total 10432K, used 1336K [0x00000007f0b50000, 0x00000007f1580000, 0x00000007fae00000)
   the space 10432K,  12% used [0x00000007f0b50000, 0x00000007f0c9e220, 0x00000007f0c9e400, 0x00000007f1580000)
 compacting perm gen  total 21248K, used 6464K [0x00000007fae00000, 0x00000007fc2c0000, 0x0000000800000000)
   the space 21248K,  30% used [0x00000007fae00000, 0x00000007fb450230, 0x00000007fb450400, 0x00000007fc2c0000)
No shared spaces configured.

Card table byte_map: [0x000000010a06a000,0x000000010a10e000] byte_map_base: 0x000000010610d000

Polling page: 0x00000001053dc000

Code Cache  [0x0000000106faa000, 0x000000010721a000, 0x0000000109faa000)
 total_blobs=358 nmethods=27 adapters=284 free_code_cache=48654Kb largest_free_block=49809216

Compilation events (10 events):
Event: 0.391 Thread 0x00007fa2f9805800   23             java.nio.DirectByteBuffer::put (17 bytes)
Event: 0.392 Thread 0x00007fa2f9805800 nmethod 23 0x0000000107021650 code [0x0000000107021780, 0x0000000107021818]
Event: 0.392 Thread 0x00007fa2f9805800   24             java.nio.StringCharBuffer::get (19 bytes)
Event: 0.393 Thread 0x00007fa2f9805800 nmethod 24 0x0000000107020b10 code [0x0000000107020c80, 0x0000000107020df8]
Event: 0.393 Thread 0x00007fa2f9805800   25             java.nio.Buffer::nextGetIndex (31 bytes)
Event: 0.393 Thread 0x00007fa2f9805800 nmethod 25 0x00000001070208d0 code [0x0000000107020a00, 0x0000000107020a78]
Event: 0.393 Thread 0x00007fa2f9805800   26             org.lwjgl.MemoryUtil$CharSequenceNT::charAt (28 bytes)
Event: 0.394 Thread 0x00007fa2f9805800 nmethod 26 0x0000000107020550 code [0x00000001070206a0, 0x0000000107020798]
Event: 0.396 Thread 0x00007fa2f9806800 nmethod 21 0x000000010701f890 code [0x000000010701fa60, 0x000000010701ffc0]
Event: 3.393 Thread 0x00007fa2f9805800   27             java.lang.AbstractStringBuilder::ensureCapacityInternal (16 bytes)

GC Heap History (4 events):
Event: 0.271 GC heap before
{Heap before GC invocations=0 (full 0):
 def new generation   total 4672K, used 4160K [0x00000007eba00000, 0x00000007ebf10000, 0x00000007f0b50000)
  eden space 4160K, 100% used [0x00000007eba00000, 0x00000007ebe10000, 0x00000007ebe10000)
  from space 512K,   0% used [0x00000007ebe10000, 0x00000007ebe10000, 0x00000007ebe90000)
  to   space 512K,   0% used [0x00000007ebe90000, 0x00000007ebe90000, 0x00000007ebf10000)
 tenured generation   total 10432K, used 0K [0x00000007f0b50000, 0x00000007f1580000, 0x00000007fae00000)
   the space 10432K,   0% used [0x00000007f0b50000, 0x00000007f0b50000, 0x00000007f0b50200, 0x00000007f1580000)
 compacting perm gen  total 21248K, used 4412K [0x00000007fae00000, 0x00000007fc2c0000, 0x0000000800000000)
   the space 21248K,  20% used [0x00000007fae00000, 0x00000007fb24f290, 0x00000007fb24f400, 0x00000007fc2c0000)
No shared spaces configured.
Event: 0.274 GC heap after
Heap after GC invocations=1 (full 0):
 def new generation   total 4672K, used 511K [0x00000007eba00000, 0x00000007ebf10000, 0x00000007f0b50000)
  eden space 4160K,   0% used [0x00000007eba00000, 0x00000007eba00000, 0x00000007ebe10000)
  from space 512K,  99% used [0x00000007ebe90000, 0x00000007ebf0fff8, 0x00000007ebf10000)
  to   space 512K,   0% used [0x00000007ebe10000, 0x00000007ebe10000, 0x00000007ebe90000)
 tenured generation   total 10432K, used 477K [0x00000007f0b50000, 0x00000007f1580000, 0x00000007fae00000)
   the space 10432K,   4% used [0x00000007f0b50000, 0x00000007f0bc7678, 0x00000007f0bc7800, 0x00000007f1580000)
 compacting perm gen  total 21248K, used 4412K [0x00000007fae00000, 0x00000007fc2c0000, 0x0000000800000000)
   the space 21248K,  20% used [0x00000007fae00000, 0x00000007fb24f290, 0x00000007fb24f400, 0x00000007fc2c0000)
No shared spaces configured.
}
Event: 0.441 GC heap before
{Heap before GC invocations=1 (full 0):
 def new generation   total 4672K, used 4671K [0x00000007eba00000, 0x00000007ebf10000, 0x00000007f0b50000)
  eden space 4160K, 100% used [0x00000007eba00000, 0x00000007ebe10000, 0x00000007ebe10000)
  from space 512K,  99% used [0x00000007ebe90000, 0x00000007ebf0fff8, 0x00000007ebf10000)
  to   space 512K,   0% used [0x00000007ebe10000, 0x00000007ebe10000, 0x00000007ebe90000)
 tenured generation   total 10432K, used 477K [0x00000007f0b50000, 0x00000007f1580000, 0x00000007fae00000)
   the space 10432K,   4% used [0x00000007f0b50000, 0x00000007f0bc7678, 0x00000007f0bc7800, 0x00000007f1580000)
 compacting perm gen  total 21248K, used 6048K [0x00000007fae00000, 0x00000007fc2c0000, 0x0000000800000000)
   the space 21248K,  28% used [0x00000007fae00000, 0x00000007fb3e81f8, 0x00000007fb3e8200, 0x00000007fc2c0000)
No shared spaces configured.
Event: 0.445 GC heap after
Heap after GC invocations=2 (full 0):
 def new generation   total 4672K, used 512K [0x00000007eba00000, 0x00000007ebf10000, 0x00000007f0b50000)
  eden space 4160K,   0% used [0x00000007eba00000, 0x00000007eba00000, 0x00000007ebe10000)
  from space 512K, 100% used [0x00000007ebe10000, 0x00000007ebe90000, 0x00000007ebe90000)
  to   space 512K,   0% used [0x00000007ebe90000, 0x00000007ebe90000, 0x00000007ebf10000)
 tenured generation   total 10432K, used 1336K [0x00000007f0b50000, 0x00000007f1580000, 0x00000007fae00000)
   the space 10432K,  12% used [0x00000007f0b50000, 0x00000007f0c9e220, 0x00000007f0c9e400, 0x00000007f1580000)
 compacting perm gen  total 21248K, used 6048K [0x00000007fae00000, 0x00000007fc2c0000, 0x0000000800000000)
   the space 21248K,  28% used [0x00000007fae00000, 0x00000007fb3e81f8, 0x00000007fb3e8200, 0x00000007fc2c0000)
No shared spaces configured.
}

Deoptimization events (0 events):
No events

Internal exceptions (10 events):
Event: 0.480 Thread 0x00007fa2fa14d800 Threw 0x00000007ebb85428 at /HUDSON/workspace/jdk7u13-2-build-macosx-amd64-product/jdk7u13/hotspot/src/share/vm/prims/jvm.cpp:1166
Event: 0.482 Thread 0x00007fa2fa14d800 Threw 0x00000007ebb8af60 at /HUDSON/workspace/jdk7u13-2-build-macosx-amd64-product/jdk7u13/hotspot/src/share/vm/prims/jvm.cpp:1166
Event: 0.486 Thread 0x00007fa2fa14d800 Threw 0x00000007ebb99368 at /HUDSON/workspace/jdk7u13-2-build-macosx-amd64-product/jdk7u13/hotspot/src/share/vm/prims/jvm.cpp:1166
Event: 0.486 Thread 0x00007fa2fa14d800 Threw 0x00000007ebb9efd8 at /HUDSON/workspace/jdk7u13-2-build-macosx-amd64-product/jdk7u13/hotspot/src/share/vm/prims/jvm.cpp:1166
Event: 0.870 Thread 0x00007fa2fa14d800 Threw 0x00000007ebba5af0 at /HUDSON/workspace/jdk7u13-2-build-macosx-amd64-product/jdk7u13/hotspot/src/share/vm/prims/jvm.cpp:1166
Event: 1.086 Thread 0x00007fa2fa14d800 Threw 0x00000007ebbabc30 at /HUDSON/workspace/jdk7u13-2-build-macosx-amd64-product/jdk7u13/hotspot/src/share/vm/prims/jvm.cpp:1166
Event: 1.087 Thread 0x00007fa2fa14d800 Threw 0x00000007ebbb17e0 at /HUDSON/workspace/jdk7u13-2-build-macosx-amd64-product/jdk7u13/hotspot/src/share/vm/prims/jvm.cpp:1166
Event: 1.088 Thread 0x00007fa2fa14d800 Threw 0x00000007ebbb8020 at /HUDSON/workspace/jdk7u13-2-build-macosx-amd64-product/jdk7u13/hotspot/src/share/vm/prims/jvm.cpp:1166
Event: 3.387 Thread 0x00007fa2fa14d800 Threw 0x00000007ebbc2668 at /HUDSON/workspace/jdk7u13-2-build-macosx-amd64-product/jdk7u13/hotspot/src/share/vm/prims/jvm.cpp:1166
Event: 3.393 Thread 0x00007fa2fa14d800 Threw 0x00000007ebbe79e8 at /HUDSON/workspace/jdk7u13-2-build-macosx-amd64-product/jdk7u13/hotspot/src/share/vm/prims/jvm.cpp:1166

Events (10 events):
Event: 2.940 loading class 0x00007fa2f8d48db0
Event: 2.940 loading class 0x00007fa2f8d48db0 done
Event: 2.940 loading class 0x00007fa2f8c4e800
Event: 2.940 loading class 0x00007fa2f8c4e800 done
Event: 2.940 Thread 0x00007fa2f9046800 Thread exited: 0x00007fa2f9046800
Event: 3.231 Thread 0x00007fa2f9886000 Thread added: 0x00007fa2f9886000
Event: 3.387 loading class 0x00007fa2f8e1e540
Event: 3.387 loading class 0x00007fa2f8e1e540 done
Event: 3.393 loading class 0x00007fa2f8c608c0
Event: 3.393 loading class 0x00007fa2f8c608c0 done


Dynamic libraries:
0x000000000843c000 	/System/Library/Frameworks/Cocoa.framework/Versions/A/Cocoa
0x000000000843c000 	/System/Library/Frameworks/Security.framework/Versions/A/Security
0x000000000843c000 	/System/Library/Frameworks/ApplicationServices.framework/Versions/A/ApplicationServices
0x000000000843c000 	/usr/lib/libz.1.dylib
0x000000000843c000 	/usr/lib/libSystem.B.dylib
0x000000000843c000 	/usr/lib/libobjc.A.dylib
0x000000000843c000 	/System/Library/Frameworks/CoreFoundation.framework/Versions/A/CoreFoundation
0x000000000843c000 	/System/Library/Frameworks/AppKit.framework/Versions/C/AppKit
0x000000000843c000 	/System/Library/Frameworks/CoreData.framework/Versions/A/CoreData
0x000000000843c000 	/System/Library/Frameworks/Foundation.framework/Versions/C/Foundation
0x000000000843c000 	/System/Library/PrivateFrameworks/RemoteViewServices.framework/Versions/A/RemoteViewServices
0x000000000843c000 	/System/Library/Frameworks/AudioToolbox.framework/Versions/A/AudioToolbox
0x000000000843c000 	/System/Library/Frameworks/AudioUnit.framework/Versions/A/AudioUnit
0x000000000843c000 	/System/Library/PrivateFrameworks/DataDetectorsCore.framework/Versions/A/DataDetectorsCore
0x000000000843c000 	/System/Library/PrivateFrameworks/DesktopServicesPriv.framework/Versions/A/DesktopServicesPriv
0x000000000843c000 	/System/Library/Frameworks/Carbon.framework/Versions/A/Frameworks/HIToolbox.framework/Versions/A/HIToolbox
0x000000000843c000 	/System/Library/Frameworks/QuartzCore.framework/Versions/A/QuartzCore
0x000000000843c000 	/System/Library/Frameworks/Carbon.framework/Versions/A/Frameworks/SpeechRecognition.framework/Versions/A/SpeechRecognition
0x000000000843c000 	/usr/lib/libauto.dylib
0x000000000843c000 	/usr/lib/libicucore.A.dylib
0x000000000843c000 	/usr/lib/libxml2.2.dylib
0x000000000843c000 	/System/Library/PrivateFrameworks/CoreUI.framework/Versions/A/CoreUI
0x000000000843c000 	/System/Library/Frameworks/CoreAudio.framework/Versions/A/CoreAudio
0x000000000843c000 	/System/Library/Frameworks/DiskArbitration.framework/Versions/A/DiskArbitration
0x000000000843c000 	/usr/lib/liblangid.dylib
0x000000000843c000 	/System/Library/PrivateFrameworks/MultitouchSupport.framework/Versions/A/MultitouchSupport
0x000000000843c000 	/System/Library/Frameworks/IOKit.framework/Versions/A/IOKit
0x000000000843c000 	/usr/lib/libDiagnosticMessagesClient.dylib
0x000000000843c000 	/System/Library/Frameworks/CoreServices.framework/Versions/A/CoreServices
0x000000000843c000 	/System/Library/PrivateFrameworks/PerformanceAnalysis.framework/Versions/A/PerformanceAnalysis
0x000000000843c000 	/System/Library/PrivateFrameworks/GenerationalStorage.framework/Versions/A/GenerationalStorage
0x000000000843c000 	/System/Library/Frameworks/OpenGL.framework/Versions/A/OpenGL
0x000000000843c000 	/System/Library/PrivateFrameworks/Sharing.framework/Versions/A/Sharing
0x000000000843c000 	/System/Library/Frameworks/ImageIO.framework/Versions/A/ImageIO
0x000000000843c000 	/System/Library/Frameworks/CoreText.framework/Versions/A/CoreText
0x000000000843c000 	/System/Library/Frameworks/CoreGraphics.framework/Versions/A/CoreGraphics
0x000000000843c000 	/System/Library/PrivateFrameworks/Backup.framework/Versions/A/Backup
0x000000000843c000 	/System/Library/Frameworks/CFNetwork.framework/Versions/A/CFNetwork
0x000000000843c000 	/System/Library/Frameworks/SystemConfiguration.framework/Versions/A/SystemConfiguration
0x000000000843c000 	/usr/lib/libCRFSuite.dylib
0x000000000843c000 	/usr/lib/libc++.1.dylib
0x000000000843c000 	/usr/lib/libc++abi.dylib
0x000000000843c000 	/usr/lib/system/libcache.dylib
0x000000000843c000 	/usr/lib/system/libcommonCrypto.dylib
0x000000000843c000 	/usr/lib/system/libcompiler_rt.dylib
0x000000000843c000 	/usr/lib/system/libcopyfile.dylib
0x000000000843c000 	/usr/lib/system/libcorecrypto.dylib
0x000000000843c000 	/usr/lib/system/libdispatch.dylib
0x000000000843c000 	/usr/lib/system/libdyld.dylib
0x000000000843c000 	/usr/lib/system/libkeymgr.dylib
0x000000000843c000 	/usr/lib/system/liblaunch.dylib
0x000000000843c000 	/usr/lib/system/libmacho.dylib
0x000000000843c000 	/usr/lib/system/libquarantine.dylib
0x000000000843c000 	/usr/lib/system/libremovefile.dylib
0x000000000843c000 	/usr/lib/system/libsystem_asl.dylib
0x000000000843c000 	/usr/lib/system/libsystem_blocks.dylib
0x000000000843c000 	/usr/lib/system/libsystem_c.dylib
0x000000000843c000 	/usr/lib/system/libsystem_configuration.dylib
0x000000000843c000 	/usr/lib/system/libsystem_dnssd.dylib
0x000000000843c000 	/usr/lib/system/libsystem_info.dylib
0x000000000843c000 	/usr/lib/system/libsystem_kernel.dylib
0x000000000843c000 	/usr/lib/system/libsystem_m.dylib
0x000000000843c000 	/usr/lib/system/libsystem_malloc.dylib
0x000000000843c000 	/usr/lib/system/libsystem_network.dylib
0x000000000843c000 	/usr/lib/system/libsystem_notify.dylib
0x000000000843c000 	/usr/lib/system/libsystem_platform.dylib
0x000000000843c000 	/usr/lib/system/libsystem_pthread.dylib
0x000000000843c000 	/usr/lib/system/libsystem_sandbox.dylib
0x000000000843c000 	/usr/lib/system/libsystem_stats.dylib
0x000000000843c000 	/usr/lib/system/libunc.dylib
0x000000000843c000 	/usr/lib/system/libunwind.dylib
0x000000000843c000 	/usr/lib/system/libxpc.dylib
0x000000000843c000 	/usr/lib/libbsm.0.dylib
0x000000000843c000 	/usr/lib/libsqlite3.dylib
0x000000000843c000 	/usr/lib/libxar.1.dylib
0x000000000843c000 	/usr/lib/libpam.2.dylib
0x000000000843c000 	/usr/lib/libOpenScriptingUtil.dylib
0x000000000843c000 	/usr/lib/libbz2.1.0.dylib
0x000000000843c000 	/System/Library/Frameworks/CoreServices.framework/Versions/A/Frameworks/CarbonCore.framework/Versions/A/CarbonCore
0x000000000843c000 	/System/Library/Frameworks/CoreServices.framework/Versions/A/Frameworks/Metadata.framework/Versions/A/Metadata
0x000000000843c000 	/System/Library/Frameworks/CoreServices.framework/Versions/A/Frameworks/OSServices.framework/Versions/A/OSServices
0x000000000843c000 	/System/Library/Frameworks/CoreServices.framework/Versions/A/Frameworks/SearchKit.framework/Versions/A/SearchKit
0x000000000843c000 	/System/Library/Frameworks/CoreServices.framework/Versions/A/Frameworks/AE.framework/Versions/A/AE
0x000000000843c000 	/System/Library/Frameworks/CoreServices.framework/Versions/A/Frameworks/LaunchServices.framework/Versions/A/LaunchServices
0x000000000843c000 	/System/Library/Frameworks/CoreServices.framework/Versions/A/Frameworks/DictionaryServices.framework/Versions/A/DictionaryServices
0x000000000843c000 	/System/Library/Frameworks/NetFS.framework/Versions/A/NetFS
0x000000000843c000 	/usr/lib/system/libkxld.dylib
0x000000000843c000 	/System/Library/PrivateFrameworks/NetAuth.framework/Versions/A/NetAuth
0x000000000843c000 	/System/Library/PrivateFrameworks/TCC.framework/Versions/A/TCC
0x000000000843c000 	/System/Library/Frameworks/OpenDirectory.framework/Versions/A/Frameworks/CFOpenDirectory.framework/Versions/A/CFOpenDirectory
0x000000000843c000 	/System/Library/Frameworks/ServiceManagement.framework/Versions/A/ServiceManagement
0x000000000843c000 	/usr/lib/libxslt.1.dylib
0x000000000843c000 	/System/Library/Frameworks/Carbon.framework/Versions/A/Frameworks/Ink.framework/Versions/A/Ink
0x000000000843c000 	/System/Library/Frameworks/ApplicationServices.framework/Versions/A/Frameworks/ATS.framework/Versions/A/ATS
0x000000000843c000 	/System/Library/Frameworks/ApplicationServices.framework/Versions/A/Frameworks/ColorSync.framework/Versions/A/ColorSync
0x000000000843c000 	/System/Library/Frameworks/ApplicationServices.framework/Versions/A/Frameworks/HIServices.framework/Versions/A/HIServices
0x000000000843c000 	/System/Library/Frameworks/ApplicationServices.framework/Versions/A/Frameworks/LangAnalysis.framework/Versions/A/LangAnalysis
0x000000000843c000 	/System/Library/Frameworks/ApplicationServices.framework/Versions/A/Frameworks/PrintCore.framework/Versions/A/PrintCore
0x000000000843c000 	/System/Library/Frameworks/ApplicationServices.framework/Versions/A/Frameworks/QD.framework/Versions/A/QD
0x000000000843c000 	/System/Library/Frameworks/ApplicationServices.framework/Versions/A/Frameworks/SpeechSynthesis.framework/Versions/A/SpeechSynthesis
0x000000000843c000 	/System/Library/Frameworks/IOSurface.framework/Versions/A/IOSurface
0x000000000843c000 	/System/Library/Frameworks/Accelerate.framework/Versions/A/Accelerate
0x000000000843c000 	/System/Library/Frameworks/Accelerate.framework/Versions/A/Frameworks/vImage.framework/Versions/A/vImage
0x000000000843c000 	/System/Library/Frameworks/Accelerate.framework/Versions/A/Frameworks/vecLib.framework/Versions/A/vecLib
0x000000000843c000 	/System/Library/Frameworks/Accelerate.framework/Versions/A/Frameworks/vecLib.framework/Versions/A/libvDSP.dylib
0x000000000843c000 	/System/Library/Frameworks/Accelerate.framework/Versions/A/Frameworks/vecLib.framework/Versions/A/libvMisc.dylib
0x000000000843c000 	/System/Library/Frameworks/Accelerate.framework/Versions/A/Frameworks/vecLib.framework/Versions/A/libLAPACK.dylib
0x000000000843c000 	/System/Library/Frameworks/Accelerate.framework/Versions/A/Frameworks/vecLib.framework/Versions/A/libBLAS.dylib
0x000000000843c000 	/System/Library/Frameworks/ApplicationServices.framework/Versions/A/Frameworks/ATS.framework/Versions/A/Resources/libFontParser.dylib
0x000000000843c000 	/System/Library/Frameworks/ApplicationServices.framework/Versions/A/Frameworks/ATS.framework/Versions/A/Resources/libFontRegistry.dylib
0x000000000843c000 	/System/Library/Frameworks/ImageIO.framework/Versions/A/Resources/libJPEG.dylib
0x000000000843c000 	/System/Library/Frameworks/ImageIO.framework/Versions/A/Resources/libTIFF.dylib
0x000000000843c000 	/System/Library/Frameworks/ImageIO.framework/Versions/A/Resources/libPng.dylib
0x000000000843c000 	/System/Library/Frameworks/ImageIO.framework/Versions/A/Resources/libGIF.dylib
0x000000000843c000 	/System/Library/Frameworks/ImageIO.framework/Versions/A/Resources/libJP2.dylib
0x000000000843c000 	/System/Library/Frameworks/ImageIO.framework/Versions/A/Resources/libRadiance.dylib
0x000000000843c000 	/usr/lib/libcups.2.dylib
0x000000000843c000 	/System/Library/Frameworks/Kerberos.framework/Versions/A/Kerberos
0x000000000843c000 	/System/Library/Frameworks/GSS.framework/Versions/A/GSS
0x000000000843c000 	/usr/lib/libresolv.9.dylib
0x000000000843c000 	/usr/lib/libiconv.2.dylib
0x000000000843c000 	/System/Library/PrivateFrameworks/Heimdal.framework/Versions/A/Heimdal
0x000000000843c000 	/System/Library/PrivateFrameworks/TrustEvaluationAgent.framework/Versions/A/TrustEvaluationAgent
0x000000000843c000 	/usr/lib/libheimdal-asn1.dylib
0x000000000843c000 	/System/Library/Frameworks/OpenDirectory.framework/Versions/A/OpenDirectory
0x000000000843c000 	/System/Library/PrivateFrameworks/CommonAuth.framework/Versions/A/CommonAuth
0x000000000843c000 	/System/Library/Frameworks/SecurityFoundation.framework/Versions/A/SecurityFoundation
0x000000000843c000 	/System/Library/PrivateFrameworks/Bom.framework/Versions/A/Bom
0x000000000843c000 	/System/Library/Frameworks/CoreVideo.framework/Versions/A/CoreVideo
0x000000000843c000 	/System/Library/Frameworks/QuartzCore.framework/Versions/A/Frameworks/CoreImage.framework/Versions/A/CoreImage
0x000000000843c000 	/System/Library/Frameworks/QuartzCore.framework/Versions/A/Frameworks/ScalableUserInterface.framework/Versions/A/ScalableUserInterface
0x000000000843c000 	/System/Library/Frameworks/OpenGL.framework/Versions/A/Libraries/libGLU.dylib
0x000000000843c000 	/System/Library/Frameworks/OpenGL.framework/Versions/A/Libraries/libGFXShared.dylib
0x000000000843c000 	/System/Library/Frameworks/OpenGL.framework/Versions/A/Libraries/libGL.dylib
0x000000000843c000 	/System/Library/Frameworks/OpenGL.framework/Versions/A/Libraries/libGLImage.dylib
0x000000000843c000 	/System/Library/Frameworks/OpenGL.framework/Versions/A/Libraries/libCVMSPluginSupport.dylib
0x000000000843c000 	/System/Library/Frameworks/OpenGL.framework/Versions/A/Libraries/libCoreVMClient.dylib
0x000000000843c000 	/System/Library/PrivateFrameworks/FaceCore.framework/Versions/A/FaceCore
0x000000000843c000 	/System/Library/PrivateFrameworks/CrashReporterSupport.framework/Versions/A/CrashReporterSupport
0x000000000843c000 	/System/Library/Frameworks/OpenCL.framework/Versions/A/OpenCL
0x000000000843c000 	/System/Library/PrivateFrameworks/AppleFSCompression.framework/Versions/A/AppleFSCompression
0x000000000843c000 	/System/Library/PrivateFrameworks/Ubiquity.framework/Versions/A/Ubiquity
0x000000000843c000 	/System/Library/PrivateFrameworks/IconServices.framework/Versions/A/IconServices
0x000000000843c000 	/System/Library/PrivateFrameworks/ChunkingLibrary.framework/Versions/A/ChunkingLibrary
0x000000000843c000 	/System/Library/PrivateFrameworks/CoreSymbolication.framework/Versions/A/CoreSymbolication
0x000000000843c000 	/System/Library/PrivateFrameworks/Symbolication.framework/Versions/A/Symbolication
0x000000000843c000 	/System/Library/PrivateFrameworks/DebugSymbols.framework/Versions/A/DebugSymbols
0x0000000106400000 	/Library/Java/JavaVirtualMachines/jdk1.7.0_13.jdk/Contents/Home/jre/lib/server/libjvm.dylib
0x000000000843c000 	/usr/lib/libstdc++.6.dylib
0x000000010539f000 	/Library/Java/JavaVirtualMachines/jdk1.7.0_13.jdk/Contents/Home/jre/lib/libverify.dylib
0x00000001053ac000 	/Library/Java/JavaVirtualMachines/jdk1.7.0_13.jdk/Contents/Home/jre/lib/libjava.dylib
0x00000001053e6000 	/Library/Java/JavaVirtualMachines/jdk1.7.0_13.jdk/Contents/Home/jre/lib/libzip.dylib
0x000000010a715000 	/System/Library/Frameworks/JavaVM.framework/Frameworks/JavaRuntimeSupport.framework/JavaRuntimeSupport
0x000000010a72d000 	/System/Library/Frameworks/JavaVM.framework/Versions/A/Frameworks/JavaNativeFoundation.framework/Versions/A/JavaNativeFoundation
0x00000001053f0000 	/System/Library/Frameworks/JavaVM.framework/Versions/A/JavaVM
0x000000000843c000 	/System/Library/Frameworks/Carbon.framework/Versions/A/Carbon
0x000000010a742000 	/System/Library/PrivateFrameworks/JavaLaunching.framework/Versions/A/JavaLaunching
0x000000000843c000 	/System/Library/Frameworks/Carbon.framework/Versions/A/Frameworks/CommonPanels.framework/Versions/A/CommonPanels
0x000000000843c000 	/System/Library/Frameworks/Carbon.framework/Versions/A/Frameworks/Help.framework/Versions/A/Help
0x000000000843c000 	/System/Library/Frameworks/Carbon.framework/Versions/A/Frameworks/ImageCapture.framework/Versions/A/ImageCapture
0x000000000843c000 	/System/Library/Frameworks/Carbon.framework/Versions/A/Frameworks/OpenScripting.framework/Versions/A/OpenScripting
0x000000000843c000 	/System/Library/Frameworks/Carbon.framework/Versions/A/Frameworks/Print.framework/Versions/A/Print
0x000000000843c000 	/System/Library/Frameworks/Carbon.framework/Versions/A/Frameworks/SecurityHI.framework/Versions/A/SecurityHI
0x000000010ae01000 	/private/var/folders/7d/3035rzdx0_3gpn935nqyvbn40000gn/T/libgdxjbond/92bf976d/libgdx.dylib
0x000000010aeaa000 	/Library/Java/JavaVirtualMachines/jdk1.7.0_13.jdk/Contents/Home/jre/lib/libawt.dylib
0x000000010af59000 	/Library/Java/JavaVirtualMachines/jdk1.7.0_13.jdk/Contents/Home/jre/lib/./libmlib_image.dylib
0x000000010b025000 	/Library/Java/JavaVirtualMachines/jdk1.7.0_13.jdk/Contents/Home/jre/lib/lwawt/liblwawt.dylib
0x000000010b0d7000 	/Library/Java/JavaVirtualMachines/jdk1.7.0_13.jdk/Contents/Home/jre/lib/libosxapp.dylib
0x000000000843c000 	/System/Library/Frameworks/ExceptionHandling.framework/Versions/A/ExceptionHandling
0x000000000843c000 	/System/Library/PrivateFrameworks/CoreServicesInternal.framework/Versions/A/CoreServicesInternal
0x000000000843c000 	/System/Library/PrivateFrameworks/Librarian.framework/Versions/A/Librarian
0x000000000843c000 	/System/Library/Frameworks/CoreGraphics.framework/Versions/A/Resources/libCGCMS.A.dylib
0x000000000843c000 	/System/Library/Frameworks/CoreGraphics.framework/Versions/A/Resources/libRIP.A.dylib
0x000000000843c000 	/System/Library/Frameworks/CoreGraphics.framework/Versions/A/Resources/libCGXType.A.dylib
0x000000000843c000 	/System/Library/PrivateFrameworks/FamilyControls.framework/Versions/A/FamilyControls
0x000000000843c000 	/System/Library/PrivateFrameworks/CommerceKit.framework/Versions/A/Frameworks/CommerceCore.framework/Versions/A/CommerceCore
0x000000000843c000 	/System/Library/PrivateFrameworks/SystemAdministration.framework/Versions/A/SystemAdministration
0x000000000843c000 	/System/Library/Frameworks/DirectoryService.framework/Versions/A/DirectoryService
0x000000000843c000 	/System/Library/PrivateFrameworks/DiskImages.framework/Versions/A/DiskImages
0x000000000843c000 	/System/Library/PrivateFrameworks/LoginUIKit.framework/Versions/A/Frameworks/LoginUICore.framework/Versions/A/LoginUICore
0x000000000843c000 	/usr/lib/libCoreStorage.dylib
0x000000000843c000 	/usr/lib/libcsfde.dylib
0x000000000843c000 	/usr/lib/libodfde.dylib
0x000000000843c000 	/System/Library/Frameworks/DiscRecording.framework/Versions/A/DiscRecording
0x000000000843c000 	/usr/lib/libcurl.4.dylib
0x000000000843c000 	/System/Library/PrivateFrameworks/MediaKit.framework/Versions/A/MediaKit
0x000000000843c000 	/System/Library/PrivateFrameworks/EFILogin.framework/Versions/A/EFILogin
0x000000000843c000 	/usr/lib/libutil.dylib
0x000000000843c000 	/System/Library/PrivateFrameworks/AOSNotification.framework/Versions/A/AOSNotification
0x000000000843c000 	/System/Library/Frameworks/LDAP.framework/Versions/A/LDAP
0x000000000843c000 	/usr/lib/libsasl2.2.dylib
0x000000000843c000 	/usr/lib/libcrypto.0.9.8.dylib
0x000000000843c000 	/usr/lib/libssl.0.9.8.dylib
0x000000010cbec000 	/Library/Java/JavaVirtualMachines/jdk1.7.0_13.jdk/Contents/Home/jre/lib/libfontmanager.dylib
0x000000010f869000 	/private/var/folders/7d/3035rzdx0_3gpn935nqyvbn40000gn/T/libgdxjbond/75260a42/liblwjgl.jnilib
0x000000010cb47000 	/Library/Java/JavaVirtualMachines/jdk1.7.0_13.jdk/Contents/Home/jre/lib/libjawt.dylib
0x000000010f8e4000 	/var/folders/7d/3035rzdx0_3gpn935nqyvbn40000gn/T/libgdxjbond/75260a42/openal.dylib
0x000000010f953000 	/System/Library/Components/CoreAudio.component/Contents/MacOS/CoreAudio
0x000000010cc38000 	/System/Library/Extensions/AppleHDA.kext/Contents/PlugIns/AppleHDAHALPlugIn.bundle/Contents/MacOS/AppleHDAHALPlugIn
0x000000000843c000 	/System/Library/Frameworks/OpenGL.framework/Versions/A/Resources/GLEngine.bundle/GLEngine
0x000000000843c000 	/System/Library/Frameworks/OpenGL.framework/Versions/A/Libraries/libGLProgrammability.dylib
0x0000000000000000 	/System/Library/Extensions/AppleIntelHD4000GraphicsGLDriver.bundle/Contents/MacOS/AppleIntelHD4000GraphicsGLDriver
0x000000000843c000 	/System/Library/PrivateFrameworks/IOAccelerator.framework/Versions/A/IOAccelerator
0x000000000843c000 	/System/Library/PrivateFrameworks/GPUSupport.framework/Versions/A/Libraries/libGPUSupportMercury.dylib
0x0000000000000000 	/System/Library/Extensions/GeForceGLDriver.bundle/Contents/MacOS/GeForceGLDriver
0x000000000843c000 	/System/Library/Extensions/GeForceGLDriver.bundle/Contents/MacOS/libclh.dylib
0x000000000843c000 	/System/Library/Frameworks/OpenGL.framework/Versions/A/Resources/GLRendererFloat.bundle/GLRendererFloat
0x000000000843c000 	/System/Library/Frameworks/OpenCL.framework/Versions/A/Libraries/libcldcpuengine.dylib

VM Arguments:
jvm_args: -Dfile.encoding=US-ASCII 
java_command: com.me.the_hoppening.Main
Launcher Type: SUN_STANDARD

Environment Variables:
PATH=/usr/bin:/bin:/usr/sbin:/sbin
SHELL=/bin/bash

Signal Handlers:
SIGSEGV: [libjvm.dylib+0x4a361d], sa_mask[0]=0xfffefeff, sa_flags=0x00000042
SIGBUS: [libjvm.dylib+0x4a361d], sa_mask[0]=0xfffefeff, sa_flags=0x00000042
SIGFPE: [libjvm.dylib+0x3b302d], sa_mask[0]=0xfffefeff, sa_flags=0x00000042
SIGPIPE: [libjvm.dylib+0x3b302d], sa_mask[0]=0xfffefeff, sa_flags=0x00000042
SIGXFSZ: [libjvm.dylib+0x3b302d], sa_mask[0]=0xfffefeff, sa_flags=0x00000042
SIGILL: [libjvm.dylib+0x3b302d], sa_mask[0]=0xfffefeff, sa_flags=0x00000042
SIGUSR1: SIG_DFL, sa_mask[0]=0x00000000, sa_flags=0x00000002
SIGUSR2: [libjvm.dylib+0x3b2bc6], sa_mask[0]=0x00000004, sa_flags=0x00000042
SIGHUP: [libjvm.dylib+0x3b0e27], sa_mask[0]=0xfffefeff, sa_flags=0x00000042
SIGINT: [libjvm.dylib+0x3b0e27], sa_mask[0]=0xfffefeff, sa_flags=0x00000042
SIGTERM: [libjvm.dylib+0x3b0e27], sa_mask[0]=0xfffefeff, sa_flags=0x00000042
SIGQUIT: [libjvm.dylib+0x3b0e27], sa_mask[0]=0xfffefeff, sa_flags=0x00000042


---------------  S Y S T E M  ---------------

OS:Bsduname:Darwin 13.1.0 Darwin Kernel Version 13.1.0: Thu Jan 16 19:40:37 PST 2014; root:xnu-2422.90.20~2/RELEASE_X86_64 x86_64
rlimit: STACK 8192k, CORE 0k, NPROC 709, NOFILE 10240, AS infinity
load average:1.86 2.15 1.93

CPU:total 8 (4 cores per cpu, 2 threads per core) family 6 model 58 stepping 9, cmov, cx8, fxsr, mmx, sse, sse2, sse3, ssse3, sse4.1, sse4.2, popcnt, avx, ht, tsc, tscinvbit, tscinv

Memory: 4k page, physical 995468k(248867k free)

/proc/meminfo:


vm_info: Java HotSpot(TM) 64-Bit Server VM (23.7-b01) for bsd-amd64 JRE (1.7.0_13-b20), built on Jan 30 2013 01:14:41 by "java_re" with gcc 4.2.1 (Based on Apple Inc. build 5658) (LLVM build 2336.9.00)

time: Fri Mar 28 01:00:30 2014
elapsed time: 3 seconds

